[debug] ----------------------------------------------------------------------
[debug] Command:      /Users/g0g/.nvm/versions/node/v7.1.0/bin/node /Users/g0g/.nvm/versions/node/v7.1.0/bin/firebase deploy
[debug] CLI Version:  3.6.1
[debug] Platform:     darwin
[debug] Node Version: v7.1.0
[debug] Time:         Tue May 02 2017 09:06:41 GMT-0400 (EDT)
[debug] ----------------------------------------------------------------------
[debug] 
[debug] > command requires scopes: ["email","openid","https://www.googleapis.com/auth/cloudplatformprojects.readonly","https://www.googleapis.com/auth/firebase","https://www.googleapis.com/auth/cloud-platform"]
[debug] > refreshing access token with scopes: ["email","https://www.googleapis.com/auth/cloud-platform","https://www.googleapis.com/auth/cloudplatformprojects.readonly","https://www.googleapis.com/auth/firebase","openid"]
[debug] >>> HTTP REQUEST POST https://www.googleapis.com/oauth2/v3/token { refresh_token: '1/pi3kxBvDfypFXv2rBtAo9Lud6PZ2V9K4Os9iu1U6sCU',
  client_id: '563584335869-fgrhgmd47bqnekij5i8b5pr03ho849e6.apps.googleusercontent.com',
  client_secret: 'j9iVZfS8kkCEFUPaAeJV0sAi',
  grant_type: 'refresh_token',
  scope: 'email https://www.googleapis.com/auth/cloud-platform https://www.googleapis.com/auth/cloudplatformprojects.readonly https://www.googleapis.com/auth/firebase openid' } 
 Tue May 02 2017 09:06:41 GMT-0400 (EDT)
[debug] <<< HTTP RESPONSE 200
[debug] >>> HTTP REQUEST GET https://admin.firebase.com/v1/projects/recess-app-011-a40ca  
 Tue May 02 2017 09:06:41 GMT-0400 (EDT)
[debug] <<< HTTP RESPONSE 200
[debug] >>> HTTP REQUEST GET https://admin.firebase.com/v1/database/recess-app-011-a40ca/tokens  
 Tue May 02 2017 09:06:42 GMT-0400 (EDT)
[debug] <<< HTTP RESPONSE 200
[info] 
[info] === Deploying to 'recess-app-011-a40ca'...
[info] 
[info] i  deploying database, functions, hosting
[info] ✔  database: rules ready to deploy.
[debug] > [functions] package.json contents: {
  "name": "functions",
  "description": "Cloud Functions for Firebase",
  "dependencies": {
    "firebase-admin": "^4.1.2",
    "firebase-functions": "^0.5",
    "gaussian": "^1.1.0",
    "moment": "^2.17.1",
    "node-wit": "^4.2.0",
    "recastai": "^2.3.0",
    "request": "^2.81.0"
  },
  "devDependencies": {
    "@types/node": "^6.0.38",
    "tslint": "^3.15.1",
    "typescript": "^2.0.3"
  },
  "private": true
}
[info] i  functions: ensuring necessary APIs are enabled...
[info] i  runtimeconfig: ensuring necessary APIs are enabled...
[debug] >>> HTTP REQUEST GET https://servicemanagement.googleapis.com/v1/services/cloudfunctions.googleapis.com/projectSettings/recess-app-011-a40ca?view=CONSUMER_VIEW  
 Tue May 02 2017 09:06:42 GMT-0400 (EDT)
[debug] >>> HTTP REQUEST GET https://servicemanagement.googleapis.com/v1/services/runtimeconfig.googleapis.com/projectSettings/recess-app-011-a40ca?view=CONSUMER_VIEW  
 Tue May 02 2017 09:06:42 GMT-0400 (EDT)
[debug] <<< HTTP RESPONSE 200
[info] ✔  runtimeconfig: all necessary APIs are enabled
[debug] <<< HTTP RESPONSE 200
[info] ✔  functions: all necessary APIs are enabled
[debug] >>> HTTP REQUEST GET https://appengine.googleapis.com/v1/apps/recess-app-011-a40ca  
 Tue May 02 2017 09:06:43 GMT-0400 (EDT)
[debug] >>> HTTP REQUEST GET https://apikeys.googleapis.com/v1/projects/recess-app-011-a40ca/apiKeys  
 Tue May 02 2017 09:06:43 GMT-0400 (EDT)
[debug] <<< HTTP RESPONSE 200
[debug] <<< HTTP RESPONSE 200
[info] i  functions: preparing functions directory for uploading...
[debug] >>> HTTP REQUEST GET https://runtimeconfig.googleapis.com/v1beta1/projects/recess-app-011-a40ca/configs  
 Tue May 02 2017 09:06:48 GMT-0400 (EDT)
[debug] <<< HTTP RESPONSE 200
[debug] > [functions] runtime config materialized as: {
  "firebase": {
    "databaseURL": "https://recess-app-011-a40ca.firebaseio.com",
    "storageBucket": "recess-app-011-a40ca.appspot.com",
    "apiKey": "AIzaSyDYGKxMpZLe4ONqfbOY26h2FDIp0rPSgYk",
    "authDomain": "recess-app-011-a40ca.firebaseapp.com"
  }
}
[debug] > [functions] parsed triggers: [
  {
    "eventTrigger": {
      "resource": "projects/_/instances/recess-app-011-a40ca/refs/user/{uid}/conversation/{cuid}",
      "eventType": "providers/google.firebase.database/eventTypes/ref.write"
    },
    "name": "reply",
    "entryPoint": "reply"
  },
  {
    "eventTrigger": {
      "resource": "projects/recess-app-011-a40ca/topics/hourly-tick",
      "eventType": "providers/cloud.pubsub/eventTypes/topic.publish"
    },
    "name": "hourly_job",
    "entryPoint": "hourly_job"
  }
]
[info] i  functions: packaged functions (9.58 KB) for uploading
[debug] >>> HTTP REQUEST GET https://www.googleapis.com/storage/v1/b/staging.recess-app-011-a40ca.appspot.com  
 Tue May 02 2017 09:06:51 GMT-0400 (EDT)
[debug] <<< HTTP RESPONSE 200
[debug] >>> HTTP REQUEST POST https://www.googleapis.com/upload/storage/v1/b/staging.recess-app-011-a40ca.appspot.com/o?uploadType=media&name=firebase-functions-source ReadStream {
  _readableState: 
   ReadableState {
     objectMode: false,
     highWaterMark: 65536,
     buffer: BufferList { head: [Object], tail: [Object], length: 1 },
     length: 9812,
     pipes: null,
     pipesCount: 0,
     flowing: null,
     ended: true,
     endEmitted: false,
     reading: false,
     sync: false,
     needReadable: false,
     emittedReadable: true,
     readableListening: false,
     resumeScheduled: false,
     defaultEncoding: 'utf8',
     ranOut: false,
     awaitDrain: 0,
     readingMore: false,
     decoder: null,
     encoding: null },
  readable: true,
  domain: null,
  _events: { end: [Function] },
  _eventsCount: 1,
  _maxListeners: undefined,
  path: '/var/folders/tt/nsgd1jl15dv1xntbpb1dqz280000gn/T/firebase-functions-10245Sl31IqDElD2K.zip',
  fd: 19,
  flags: 'r',
  mode: 438,
  start: undefined,
  end: undefined,
  autoClose: true,
  pos: undefined,
  bytesRead: 9812 } 
 Tue May 02 2017 09:06:51 GMT-0400 (EDT)
[debug] <<< HTTP RESPONSE 200
[info] ✔  functions: functions folder uploaded successfully
[info] i  hosting: preparing dist directory for upload...
[debug] >>> HTTP REQUEST PUT https://deploy.firebase.com/v1/hosting/recess-app-011-a40ca/uploads/-Kj8GHOJ3mx1zHysLxsk?fileCount=36&message=  
 Tue May 02 2017 09:06:53 GMT-0400 (EDT)
[debug] <<< HTTP RESPONSE 200
[debug] [hosting] .tgz uploaded successfully, waiting for extraction
[info] ✔  hosting: 36 files uploaded successfully
[info] i  starting release process (may take several minutes)...
[debug] >>> HTTP REQUEST GET https://cloudfunctions.googleapis.com/v1beta2/projects/recess-app-011-a40ca/locations/us-central1/functions  
 Tue May 02 2017 09:06:58 GMT-0400 (EDT)
[debug] <<< HTTP RESPONSE 200
[info] i  functions: updating function reply...
[debug] Trigger is: 
[info] i  functions: updating function hourly_job...
[debug] Trigger is: 
[debug] >>> HTTP REQUEST PUT https://cloudfunctions.googleapis.com/v1beta2/projects/recess-app-011-a40ca/locations/us-central1/functions/reply { sourceArchiveUrl: 'gs://staging.recess-app-011-a40ca.appspot.com/firebase-functions-source',
  name: 'projects/recess-app-011-a40ca/locations/us-central1/functions/reply',
  entryPoint: 'reply',
  timeout: '60s',
  availableMemoryMb: 256,
  eventTrigger: 
   { resource: 'projects/_/instances/recess-app-011-a40ca/refs/user/{uid}/conversation/{cuid}',
     eventType: 'providers/google.firebase.database/eventTypes/ref.write' } } 
 Tue May 02 2017 09:06:58 GMT-0400 (EDT)
[debug] >>> HTTP REQUEST PUT https://cloudfunctions.googleapis.com/v1beta2/projects/recess-app-011-a40ca/locations/us-central1/functions/hourly_job { sourceArchiveUrl: 'gs://staging.recess-app-011-a40ca.appspot.com/firebase-functions-source',
  name: 'projects/recess-app-011-a40ca/locations/us-central1/functions/hourly_job',
  entryPoint: 'hourly_job',
  timeout: '60s',
  availableMemoryMb: 256,
  eventTrigger: 
   { resource: 'projects/recess-app-011-a40ca/topics/hourly-tick',
     eventType: 'providers/cloud.pubsub/eventTypes/topic.publish' } } 
 Tue May 02 2017 09:06:58 GMT-0400 (EDT)
[debug] <<< HTTP RESPONSE 200
[debug] <<< HTTP RESPONSE 200
[debug] >>> HTTP REQUEST GET https://cloudfunctions.googleapis.com/v1beta2/projects/recess-app-011-a40ca/locations/us-central1/functions  
 Tue May 02 2017 09:06:59 GMT-0400 (EDT)
[debug] >>> HTTP REQUEST GET https://cloudfunctions.googleapis.com/v1beta2/operations/cmVjZXNzLWFwcC0wMTEtYTQwY2EvdXMtY2VudHJhbDEvcmVwbHkvTy13azdxZUZCRlU  
 Tue May 02 2017 09:06:59 GMT-0400 (EDT)
[debug] >>> HTTP REQUEST GET https://cloudfunctions.googleapis.com/v1beta2/operations/cmVjZXNzLWFwcC0wMTEtYTQwY2EvdXMtY2VudHJhbDEvaG91cmx5X2pvYi9RVDd3T2YwSUhaQQ  
 Tue May 02 2017 09:06:59 GMT-0400 (EDT)
[debug] <<< HTTP RESPONSE 200
[debug] <<< HTTP RESPONSE 200
[debug] <<< HTTP RESPONSE 200
[debug] [functions] operation poll: reply: update operations/cmVjZXNzLWFwcC0wMTEtYTQwY2EvdXMtY2VudHJhbDEvcmVwbHkvTy13azdxZUZCRlU is not done.
[debug] [functions] operation poll: hourly_job: update operations/cmVjZXNzLWFwcC0wMTEtYTQwY2EvdXMtY2VudHJhbDEvaG91cmx5X2pvYi9RVDd3T2YwSUhaQQ is not done.
[debug] >>> HTTP REQUEST GET https://cloudfunctions.googleapis.com/v1beta2/operations/cmVjZXNzLWFwcC0wMTEtYTQwY2EvdXMtY2VudHJhbDEvcmVwbHkvTy13azdxZUZCRlU  
 Tue May 02 2017 09:07:04 GMT-0400 (EDT)
[debug] >>> HTTP REQUEST GET https://cloudfunctions.googleapis.com/v1beta2/operations/cmVjZXNzLWFwcC0wMTEtYTQwY2EvdXMtY2VudHJhbDEvaG91cmx5X2pvYi9RVDd3T2YwSUhaQQ  
 Tue May 02 2017 09:07:04 GMT-0400 (EDT)
[debug] <<< HTTP RESPONSE 200
[debug] <<< HTTP RESPONSE 200
[debug] [functions] operation poll: reply: update operations/cmVjZXNzLWFwcC0wMTEtYTQwY2EvdXMtY2VudHJhbDEvcmVwbHkvTy13azdxZUZCRlU is not done.
[debug] [functions] operation poll: hourly_job: update operations/cmVjZXNzLWFwcC0wMTEtYTQwY2EvdXMtY2VudHJhbDEvaG91cmx5X2pvYi9RVDd3T2YwSUhaQQ is not done.
[debug] >>> HTTP REQUEST GET https://cloudfunctions.googleapis.com/v1beta2/operations/cmVjZXNzLWFwcC0wMTEtYTQwY2EvdXMtY2VudHJhbDEvcmVwbHkvTy13azdxZUZCRlU  
 Tue May 02 2017 09:07:09 GMT-0400 (EDT)
[debug] >>> HTTP REQUEST GET https://cloudfunctions.googleapis.com/v1beta2/operations/cmVjZXNzLWFwcC0wMTEtYTQwY2EvdXMtY2VudHJhbDEvaG91cmx5X2pvYi9RVDd3T2YwSUhaQQ  
 Tue May 02 2017 09:07:09 GMT-0400 (EDT)
[debug] <<< HTTP RESPONSE 200
[debug] <<< HTTP RESPONSE 200
[debug] [functions] operation poll: reply: update operations/cmVjZXNzLWFwcC0wMTEtYTQwY2EvdXMtY2VudHJhbDEvcmVwbHkvTy13azdxZUZCRlU is not done.
[debug] [functions] operation poll: hourly_job: update operations/cmVjZXNzLWFwcC0wMTEtYTQwY2EvdXMtY2VudHJhbDEvaG91cmx5X2pvYi9RVDd3T2YwSUhaQQ is not done.
[debug] >>> HTTP REQUEST GET https://cloudfunctions.googleapis.com/v1beta2/operations/cmVjZXNzLWFwcC0wMTEtYTQwY2EvdXMtY2VudHJhbDEvcmVwbHkvTy13azdxZUZCRlU  
 Tue May 02 2017 09:07:14 GMT-0400 (EDT)
[debug] >>> HTTP REQUEST GET https://cloudfunctions.googleapis.com/v1beta2/operations/cmVjZXNzLWFwcC0wMTEtYTQwY2EvdXMtY2VudHJhbDEvaG91cmx5X2pvYi9RVDd3T2YwSUhaQQ  
 Tue May 02 2017 09:07:14 GMT-0400 (EDT)
[debug] <<< HTTP RESPONSE 200
[debug] <<< HTTP RESPONSE 200
[debug] [functions] operation poll: reply: update operations/cmVjZXNzLWFwcC0wMTEtYTQwY2EvdXMtY2VudHJhbDEvcmVwbHkvTy13azdxZUZCRlU is not done.
[debug] [functions] operation poll: hourly_job: update operations/cmVjZXNzLWFwcC0wMTEtYTQwY2EvdXMtY2VudHJhbDEvaG91cmx5X2pvYi9RVDd3T2YwSUhaQQ is not done.
[debug] >>> HTTP REQUEST GET https://cloudfunctions.googleapis.com/v1beta2/operations/cmVjZXNzLWFwcC0wMTEtYTQwY2EvdXMtY2VudHJhbDEvcmVwbHkvTy13azdxZUZCRlU  
 Tue May 02 2017 09:07:19 GMT-0400 (EDT)
[debug] >>> HTTP REQUEST GET https://cloudfunctions.googleapis.com/v1beta2/operations/cmVjZXNzLWFwcC0wMTEtYTQwY2EvdXMtY2VudHJhbDEvaG91cmx5X2pvYi9RVDd3T2YwSUhaQQ  
 Tue May 02 2017 09:07:19 GMT-0400 (EDT)
[debug] <<< HTTP RESPONSE 200
[debug] <<< HTTP RESPONSE 200
[debug] [functions] operation poll: reply: update operations/cmVjZXNzLWFwcC0wMTEtYTQwY2EvdXMtY2VudHJhbDEvcmVwbHkvTy13azdxZUZCRlU is not done.
[debug] [functions] operation poll: hourly_job: update operations/cmVjZXNzLWFwcC0wMTEtYTQwY2EvdXMtY2VudHJhbDEvaG91cmx5X2pvYi9RVDd3T2YwSUhaQQ is not done.
[debug] >>> HTTP REQUEST GET https://cloudfunctions.googleapis.com/v1beta2/operations/cmVjZXNzLWFwcC0wMTEtYTQwY2EvdXMtY2VudHJhbDEvcmVwbHkvTy13azdxZUZCRlU  
 Tue May 02 2017 09:07:24 GMT-0400 (EDT)
[debug] >>> HTTP REQUEST GET https://cloudfunctions.googleapis.com/v1beta2/operations/cmVjZXNzLWFwcC0wMTEtYTQwY2EvdXMtY2VudHJhbDEvaG91cmx5X2pvYi9RVDd3T2YwSUhaQQ  
 Tue May 02 2017 09:07:24 GMT-0400 (EDT)
[debug] <<< HTTP RESPONSE 200
[debug] <<< HTTP RESPONSE 200
[debug] [functions] operation poll: reply: update operations/cmVjZXNzLWFwcC0wMTEtYTQwY2EvdXMtY2VudHJhbDEvcmVwbHkvTy13azdxZUZCRlU is not done.
[debug] [functions] operation poll: hourly_job: update operations/cmVjZXNzLWFwcC0wMTEtYTQwY2EvdXMtY2VudHJhbDEvaG91cmx5X2pvYi9RVDd3T2YwSUhaQQ is not done.
[debug] >>> HTTP REQUEST GET https://cloudfunctions.googleapis.com/v1beta2/operations/cmVjZXNzLWFwcC0wMTEtYTQwY2EvdXMtY2VudHJhbDEvcmVwbHkvTy13azdxZUZCRlU  
 Tue May 02 2017 09:07:29 GMT-0400 (EDT)
[debug] >>> HTTP REQUEST GET https://cloudfunctions.googleapis.com/v1beta2/operations/cmVjZXNzLWFwcC0wMTEtYTQwY2EvdXMtY2VudHJhbDEvaG91cmx5X2pvYi9RVDd3T2YwSUhaQQ  
 Tue May 02 2017 09:07:29 GMT-0400 (EDT)
[debug] <<< HTTP RESPONSE 200
[debug] <<< HTTP RESPONSE 200
[debug] [functions] operation poll: reply: update operations/cmVjZXNzLWFwcC0wMTEtYTQwY2EvdXMtY2VudHJhbDEvcmVwbHkvTy13azdxZUZCRlU is not done.
[debug] [functions] operation poll: hourly_job: update operations/cmVjZXNzLWFwcC0wMTEtYTQwY2EvdXMtY2VudHJhbDEvaG91cmx5X2pvYi9RVDd3T2YwSUhaQQ is not done.
[debug] >>> HTTP REQUEST GET https://cloudfunctions.googleapis.com/v1beta2/operations/cmVjZXNzLWFwcC0wMTEtYTQwY2EvdXMtY2VudHJhbDEvcmVwbHkvTy13azdxZUZCRlU  
 Tue May 02 2017 09:07:35 GMT-0400 (EDT)
[debug] >>> HTTP REQUEST GET https://cloudfunctions.googleapis.com/v1beta2/operations/cmVjZXNzLWFwcC0wMTEtYTQwY2EvdXMtY2VudHJhbDEvaG91cmx5X2pvYi9RVDd3T2YwSUhaQQ  
 Tue May 02 2017 09:07:35 GMT-0400 (EDT)
[debug] <<< HTTP RESPONSE 200
[debug] <<< HTTP RESPONSE 200
[debug] [functions] operation poll: reply: update operations/cmVjZXNzLWFwcC0wMTEtYTQwY2EvdXMtY2VudHJhbDEvcmVwbHkvTy13azdxZUZCRlU is not done.
[debug] [functions] operation poll: hourly_job: update operations/cmVjZXNzLWFwcC0wMTEtYTQwY2EvdXMtY2VudHJhbDEvaG91cmx5X2pvYi9RVDd3T2YwSUhaQQ is not done.
[debug] >>> HTTP REQUEST GET https://cloudfunctions.googleapis.com/v1beta2/operations/cmVjZXNzLWFwcC0wMTEtYTQwY2EvdXMtY2VudHJhbDEvcmVwbHkvTy13azdxZUZCRlU  
 Tue May 02 2017 09:07:40 GMT-0400 (EDT)
[debug] >>> HTTP REQUEST GET https://cloudfunctions.googleapis.com/v1beta2/operations/cmVjZXNzLWFwcC0wMTEtYTQwY2EvdXMtY2VudHJhbDEvaG91cmx5X2pvYi9RVDd3T2YwSUhaQQ  
 Tue May 02 2017 09:07:40 GMT-0400 (EDT)
[debug] <<< HTTP RESPONSE 200
[debug] <<< HTTP RESPONSE 200
[debug] [functions] operation poll: reply: update operations/cmVjZXNzLWFwcC0wMTEtYTQwY2EvdXMtY2VudHJhbDEvcmVwbHkvTy13azdxZUZCRlU is not done.
[debug] [functions] operation poll: hourly_job: update operations/cmVjZXNzLWFwcC0wMTEtYTQwY2EvdXMtY2VudHJhbDEvaG91cmx5X2pvYi9RVDd3T2YwSUhaQQ is not done.
[debug] >>> HTTP REQUEST GET https://cloudfunctions.googleapis.com/v1beta2/operations/cmVjZXNzLWFwcC0wMTEtYTQwY2EvdXMtY2VudHJhbDEvcmVwbHkvTy13azdxZUZCRlU  
 Tue May 02 2017 09:07:45 GMT-0400 (EDT)
[debug] >>> HTTP REQUEST GET https://cloudfunctions.googleapis.com/v1beta2/operations/cmVjZXNzLWFwcC0wMTEtYTQwY2EvdXMtY2VudHJhbDEvaG91cmx5X2pvYi9RVDd3T2YwSUhaQQ  
 Tue May 02 2017 09:07:45 GMT-0400 (EDT)
[debug] <<< HTTP RESPONSE 200
[debug] <<< HTTP RESPONSE 200
[debug] [functions] operation poll: reply: update operations/cmVjZXNzLWFwcC0wMTEtYTQwY2EvdXMtY2VudHJhbDEvcmVwbHkvTy13azdxZUZCRlU is not done.
[debug] [functions] operation poll: hourly_job: update operations/cmVjZXNzLWFwcC0wMTEtYTQwY2EvdXMtY2VudHJhbDEvaG91cmx5X2pvYi9RVDd3T2YwSUhaQQ is not done.
[debug] >>> HTTP REQUEST GET https://cloudfunctions.googleapis.com/v1beta2/operations/cmVjZXNzLWFwcC0wMTEtYTQwY2EvdXMtY2VudHJhbDEvcmVwbHkvTy13azdxZUZCRlU  
 Tue May 02 2017 09:07:50 GMT-0400 (EDT)
[debug] >>> HTTP REQUEST GET https://cloudfunctions.googleapis.com/v1beta2/operations/cmVjZXNzLWFwcC0wMTEtYTQwY2EvdXMtY2VudHJhbDEvaG91cmx5X2pvYi9RVDd3T2YwSUhaQQ  
 Tue May 02 2017 09:07:50 GMT-0400 (EDT)
[debug] <<< HTTP RESPONSE 200
[debug] <<< HTTP RESPONSE 200
[debug] [functions] operation poll: reply: update operations/cmVjZXNzLWFwcC0wMTEtYTQwY2EvdXMtY2VudHJhbDEvcmVwbHkvTy13azdxZUZCRlU is not done.
[debug] [functions] operation poll: hourly_job: update operations/cmVjZXNzLWFwcC0wMTEtYTQwY2EvdXMtY2VudHJhbDEvaG91cmx5X2pvYi9RVDd3T2YwSUhaQQ is not done.
[debug] >>> HTTP REQUEST GET https://cloudfunctions.googleapis.com/v1beta2/operations/cmVjZXNzLWFwcC0wMTEtYTQwY2EvdXMtY2VudHJhbDEvcmVwbHkvTy13azdxZUZCRlU  
 Tue May 02 2017 09:07:55 GMT-0400 (EDT)
[debug] >>> HTTP REQUEST GET https://cloudfunctions.googleapis.com/v1beta2/operations/cmVjZXNzLWFwcC0wMTEtYTQwY2EvdXMtY2VudHJhbDEvaG91cmx5X2pvYi9RVDd3T2YwSUhaQQ  
 Tue May 02 2017 09:07:55 GMT-0400 (EDT)
[debug] <<< HTTP RESPONSE 200
[debug] <<< HTTP RESPONSE 200
[debug] [functions] operation poll: reply: update operations/cmVjZXNzLWFwcC0wMTEtYTQwY2EvdXMtY2VudHJhbDEvcmVwbHkvTy13azdxZUZCRlU is not done.
[debug] [functions] operation poll: hourly_job: update operations/cmVjZXNzLWFwcC0wMTEtYTQwY2EvdXMtY2VudHJhbDEvaG91cmx5X2pvYi9RVDd3T2YwSUhaQQ is not done.
[debug] >>> HTTP REQUEST GET https://cloudfunctions.googleapis.com/v1beta2/operations/cmVjZXNzLWFwcC0wMTEtYTQwY2EvdXMtY2VudHJhbDEvcmVwbHkvTy13azdxZUZCRlU  
 Tue May 02 2017 09:08:00 GMT-0400 (EDT)
[debug] >>> HTTP REQUEST GET https://cloudfunctions.googleapis.com/v1beta2/operations/cmVjZXNzLWFwcC0wMTEtYTQwY2EvdXMtY2VudHJhbDEvaG91cmx5X2pvYi9RVDd3T2YwSUhaQQ  
 Tue May 02 2017 09:08:00 GMT-0400 (EDT)
[debug] <<< HTTP RESPONSE 200
[debug] <<< HTTP RESPONSE 200
[debug] [functions] operation poll: reply: update operations/cmVjZXNzLWFwcC0wMTEtYTQwY2EvdXMtY2VudHJhbDEvcmVwbHkvTy13azdxZUZCRlU is not done.
[debug] [functions] operation poll: hourly_job: update operations/cmVjZXNzLWFwcC0wMTEtYTQwY2EvdXMtY2VudHJhbDEvaG91cmx5X2pvYi9RVDd3T2YwSUhaQQ is not done.
[debug] >>> HTTP REQUEST GET https://cloudfunctions.googleapis.com/v1beta2/operations/cmVjZXNzLWFwcC0wMTEtYTQwY2EvdXMtY2VudHJhbDEvcmVwbHkvTy13azdxZUZCRlU  
 Tue May 02 2017 09:08:05 GMT-0400 (EDT)
[debug] >>> HTTP REQUEST GET https://cloudfunctions.googleapis.com/v1beta2/operations/cmVjZXNzLWFwcC0wMTEtYTQwY2EvdXMtY2VudHJhbDEvaG91cmx5X2pvYi9RVDd3T2YwSUhaQQ  
 Tue May 02 2017 09:08:05 GMT-0400 (EDT)
[debug] <<< HTTP RESPONSE 200
[debug] <<< HTTP RESPONSE 200
[debug] [functions] operation poll: reply: update operations/cmVjZXNzLWFwcC0wMTEtYTQwY2EvdXMtY2VudHJhbDEvcmVwbHkvTy13azdxZUZCRlU is not done.
[debug] [functions] operation poll: hourly_job: update operations/cmVjZXNzLWFwcC0wMTEtYTQwY2EvdXMtY2VudHJhbDEvaG91cmx5X2pvYi9RVDd3T2YwSUhaQQ is not done.
[debug] >>> HTTP REQUEST GET https://cloudfunctions.googleapis.com/v1beta2/operations/cmVjZXNzLWFwcC0wMTEtYTQwY2EvdXMtY2VudHJhbDEvcmVwbHkvTy13azdxZUZCRlU  
 Tue May 02 2017 09:08:11 GMT-0400 (EDT)
[debug] >>> HTTP REQUEST GET https://cloudfunctions.googleapis.com/v1beta2/operations/cmVjZXNzLWFwcC0wMTEtYTQwY2EvdXMtY2VudHJhbDEvaG91cmx5X2pvYi9RVDd3T2YwSUhaQQ  
 Tue May 02 2017 09:08:11 GMT-0400 (EDT)
[debug] <<< HTTP RESPONSE 200
[debug] <<< HTTP RESPONSE 200
[debug] [functions] operation poll: reply: update operations/cmVjZXNzLWFwcC0wMTEtYTQwY2EvdXMtY2VudHJhbDEvcmVwbHkvTy13azdxZUZCRlU is not done.
[debug] [functions] operation poll: hourly_job: update operations/cmVjZXNzLWFwcC0wMTEtYTQwY2EvdXMtY2VudHJhbDEvaG91cmx5X2pvYi9RVDd3T2YwSUhaQQ is not done.
[debug] >>> HTTP REQUEST GET https://cloudfunctions.googleapis.com/v1beta2/operations/cmVjZXNzLWFwcC0wMTEtYTQwY2EvdXMtY2VudHJhbDEvcmVwbHkvTy13azdxZUZCRlU  
 Tue May 02 2017 09:08:16 GMT-0400 (EDT)
[debug] >>> HTTP REQUEST GET https://cloudfunctions.googleapis.com/v1beta2/operations/cmVjZXNzLWFwcC0wMTEtYTQwY2EvdXMtY2VudHJhbDEvaG91cmx5X2pvYi9RVDd3T2YwSUhaQQ  
 Tue May 02 2017 09:08:16 GMT-0400 (EDT)
[debug] <<< HTTP RESPONSE 200
[debug] <<< HTTP RESPONSE 200
[debug] [functions] operation poll: reply: update operations/cmVjZXNzLWFwcC0wMTEtYTQwY2EvdXMtY2VudHJhbDEvcmVwbHkvTy13azdxZUZCRlU is not done.
[debug] [functions] operation poll: hourly_job: update operations/cmVjZXNzLWFwcC0wMTEtYTQwY2EvdXMtY2VudHJhbDEvaG91cmx5X2pvYi9RVDd3T2YwSUhaQQ is not done.
[debug] >>> HTTP REQUEST GET https://cloudfunctions.googleapis.com/v1beta2/operations/cmVjZXNzLWFwcC0wMTEtYTQwY2EvdXMtY2VudHJhbDEvcmVwbHkvTy13azdxZUZCRlU  
 Tue May 02 2017 09:08:21 GMT-0400 (EDT)
[debug] >>> HTTP REQUEST GET https://cloudfunctions.googleapis.com/v1beta2/operations/cmVjZXNzLWFwcC0wMTEtYTQwY2EvdXMtY2VudHJhbDEvaG91cmx5X2pvYi9RVDd3T2YwSUhaQQ  
 Tue May 02 2017 09:08:21 GMT-0400 (EDT)
[debug] <<< HTTP RESPONSE 200
[debug] <<< HTTP RESPONSE 200
[debug] [functions] operation poll: reply: update operations/cmVjZXNzLWFwcC0wMTEtYTQwY2EvdXMtY2VudHJhbDEvcmVwbHkvTy13azdxZUZCRlU is not done.
[debug] [functions] operation poll: hourly_job: update operations/cmVjZXNzLWFwcC0wMTEtYTQwY2EvdXMtY2VudHJhbDEvaG91cmx5X2pvYi9RVDd3T2YwSUhaQQ is not done.
[debug] >>> HTTP REQUEST GET https://cloudfunctions.googleapis.com/v1beta2/operations/cmVjZXNzLWFwcC0wMTEtYTQwY2EvdXMtY2VudHJhbDEvcmVwbHkvTy13azdxZUZCRlU  
 Tue May 02 2017 09:08:26 GMT-0400 (EDT)
[debug] >>> HTTP REQUEST GET https://cloudfunctions.googleapis.com/v1beta2/operations/cmVjZXNzLWFwcC0wMTEtYTQwY2EvdXMtY2VudHJhbDEvaG91cmx5X2pvYi9RVDd3T2YwSUhaQQ  
 Tue May 02 2017 09:08:26 GMT-0400 (EDT)
[debug] <<< HTTP RESPONSE 200
[debug] <<< HTTP RESPONSE 200
[debug] [functions] operation poll: reply: update operations/cmVjZXNzLWFwcC0wMTEtYTQwY2EvdXMtY2VudHJhbDEvcmVwbHkvTy13azdxZUZCRlU is not done.
[debug] [functions] operation poll: hourly_job: update operations/cmVjZXNzLWFwcC0wMTEtYTQwY2EvdXMtY2VudHJhbDEvaG91cmx5X2pvYi9RVDd3T2YwSUhaQQ is not done.
[debug] >>> HTTP REQUEST GET https://cloudfunctions.googleapis.com/v1beta2/operations/cmVjZXNzLWFwcC0wMTEtYTQwY2EvdXMtY2VudHJhbDEvcmVwbHkvTy13azdxZUZCRlU  
 Tue May 02 2017 09:08:31 GMT-0400 (EDT)
[debug] >>> HTTP REQUEST GET https://cloudfunctions.googleapis.com/v1beta2/operations/cmVjZXNzLWFwcC0wMTEtYTQwY2EvdXMtY2VudHJhbDEvaG91cmx5X2pvYi9RVDd3T2YwSUhaQQ  
 Tue May 02 2017 09:08:31 GMT-0400 (EDT)
[debug] <<< HTTP RESPONSE 200
[debug] <<< HTTP RESPONSE 200
[debug] [functions] operation poll: reply: update operations/cmVjZXNzLWFwcC0wMTEtYTQwY2EvdXMtY2VudHJhbDEvcmVwbHkvTy13azdxZUZCRlU is not done.
[debug] [functions] operation poll: hourly_job: update operations/cmVjZXNzLWFwcC0wMTEtYTQwY2EvdXMtY2VudHJhbDEvaG91cmx5X2pvYi9RVDd3T2YwSUhaQQ is not done.
[debug] >>> HTTP REQUEST GET https://cloudfunctions.googleapis.com/v1beta2/operations/cmVjZXNzLWFwcC0wMTEtYTQwY2EvdXMtY2VudHJhbDEvcmVwbHkvTy13azdxZUZCRlU  
 Tue May 02 2017 09:08:36 GMT-0400 (EDT)
[debug] >>> HTTP REQUEST GET https://cloudfunctions.googleapis.com/v1beta2/operations/cmVjZXNzLWFwcC0wMTEtYTQwY2EvdXMtY2VudHJhbDEvaG91cmx5X2pvYi9RVDd3T2YwSUhaQQ  
 Tue May 02 2017 09:08:36 GMT-0400 (EDT)
[debug] <<< HTTP RESPONSE 200
[debug] <<< HTTP RESPONSE 200
[debug] [functions] operation poll: reply: update operations/cmVjZXNzLWFwcC0wMTEtYTQwY2EvdXMtY2VudHJhbDEvcmVwbHkvTy13azdxZUZCRlU is not done.
[debug] [functions] operation poll: hourly_job: update operations/cmVjZXNzLWFwcC0wMTEtYTQwY2EvdXMtY2VudHJhbDEvaG91cmx5X2pvYi9RVDd3T2YwSUhaQQ is not done.
[debug] >>> HTTP REQUEST GET https://cloudfunctions.googleapis.com/v1beta2/operations/cmVjZXNzLWFwcC0wMTEtYTQwY2EvdXMtY2VudHJhbDEvcmVwbHkvTy13azdxZUZCRlU  
 Tue May 02 2017 09:08:41 GMT-0400 (EDT)
[debug] >>> HTTP REQUEST GET https://cloudfunctions.googleapis.com/v1beta2/operations/cmVjZXNzLWFwcC0wMTEtYTQwY2EvdXMtY2VudHJhbDEvaG91cmx5X2pvYi9RVDd3T2YwSUhaQQ  
 Tue May 02 2017 09:08:41 GMT-0400 (EDT)
[debug] <<< HTTP RESPONSE 200
[debug] <<< HTTP RESPONSE 200
[debug] [functions] operation poll: reply: update operations/cmVjZXNzLWFwcC0wMTEtYTQwY2EvdXMtY2VudHJhbDEvcmVwbHkvTy13azdxZUZCRlU is not done.
[debug] [functions] operation poll: hourly_job: update operations/cmVjZXNzLWFwcC0wMTEtYTQwY2EvdXMtY2VudHJhbDEvaG91cmx5X2pvYi9RVDd3T2YwSUhaQQ is not done.
[debug] >>> HTTP REQUEST GET https://cloudfunctions.googleapis.com/v1beta2/operations/cmVjZXNzLWFwcC0wMTEtYTQwY2EvdXMtY2VudHJhbDEvcmVwbHkvTy13azdxZUZCRlU  
 Tue May 02 2017 09:08:47 GMT-0400 (EDT)
[debug] >>> HTTP REQUEST GET https://cloudfunctions.googleapis.com/v1beta2/operations/cmVjZXNzLWFwcC0wMTEtYTQwY2EvdXMtY2VudHJhbDEvaG91cmx5X2pvYi9RVDd3T2YwSUhaQQ  
 Tue May 02 2017 09:08:47 GMT-0400 (EDT)
[debug] <<< HTTP RESPONSE 200
[debug] <<< HTTP RESPONSE 200
[debug] [functions] operation poll: reply: update operations/cmVjZXNzLWFwcC0wMTEtYTQwY2EvdXMtY2VudHJhbDEvcmVwbHkvTy13azdxZUZCRlU is not done.
[debug] [functions] operation poll: hourly_job: update operations/cmVjZXNzLWFwcC0wMTEtYTQwY2EvdXMtY2VudHJhbDEvaG91cmx5X2pvYi9RVDd3T2YwSUhaQQ is not done.
[debug] >>> HTTP REQUEST GET https://cloudfunctions.googleapis.com/v1beta2/operations/cmVjZXNzLWFwcC0wMTEtYTQwY2EvdXMtY2VudHJhbDEvcmVwbHkvTy13azdxZUZCRlU  
 Tue May 02 2017 09:08:52 GMT-0400 (EDT)
[debug] >>> HTTP REQUEST GET https://cloudfunctions.googleapis.com/v1beta2/operations/cmVjZXNzLWFwcC0wMTEtYTQwY2EvdXMtY2VudHJhbDEvaG91cmx5X2pvYi9RVDd3T2YwSUhaQQ  
 Tue May 02 2017 09:08:52 GMT-0400 (EDT)
[debug] <<< HTTP RESPONSE 200
[debug] <<< HTTP RESPONSE 200
[debug] [functions] operation poll: reply: update operations/cmVjZXNzLWFwcC0wMTEtYTQwY2EvdXMtY2VudHJhbDEvcmVwbHkvTy13azdxZUZCRlU is not done.
[debug] [functions] operation poll: hourly_job: update operations/cmVjZXNzLWFwcC0wMTEtYTQwY2EvdXMtY2VudHJhbDEvaG91cmx5X2pvYi9RVDd3T2YwSUhaQQ is not done.
[debug] >>> HTTP REQUEST GET https://cloudfunctions.googleapis.com/v1beta2/operations/cmVjZXNzLWFwcC0wMTEtYTQwY2EvdXMtY2VudHJhbDEvcmVwbHkvTy13azdxZUZCRlU  
 Tue May 02 2017 09:08:57 GMT-0400 (EDT)
[debug] >>> HTTP REQUEST GET https://cloudfunctions.googleapis.com/v1beta2/operations/cmVjZXNzLWFwcC0wMTEtYTQwY2EvdXMtY2VudHJhbDEvaG91cmx5X2pvYi9RVDd3T2YwSUhaQQ  
 Tue May 02 2017 09:08:57 GMT-0400 (EDT)
[debug] <<< HTTP RESPONSE 200
[debug] <<< HTTP RESPONSE 200
[debug] [functions] operation poll: reply: update operations/cmVjZXNzLWFwcC0wMTEtYTQwY2EvdXMtY2VudHJhbDEvcmVwbHkvTy13azdxZUZCRlU is not done.
[debug] [functions] operation poll: hourly_job: update operations/cmVjZXNzLWFwcC0wMTEtYTQwY2EvdXMtY2VudHJhbDEvaG91cmx5X2pvYi9RVDd3T2YwSUhaQQ is not done.
[debug] >>> HTTP REQUEST GET https://cloudfunctions.googleapis.com/v1beta2/operations/cmVjZXNzLWFwcC0wMTEtYTQwY2EvdXMtY2VudHJhbDEvcmVwbHkvTy13azdxZUZCRlU  
 Tue May 02 2017 09:09:02 GMT-0400 (EDT)
[debug] >>> HTTP REQUEST GET https://cloudfunctions.googleapis.com/v1beta2/operations/cmVjZXNzLWFwcC0wMTEtYTQwY2EvdXMtY2VudHJhbDEvaG91cmx5X2pvYi9RVDd3T2YwSUhaQQ  
 Tue May 02 2017 09:09:02 GMT-0400 (EDT)
[debug] <<< HTTP RESPONSE 200
[debug] <<< HTTP RESPONSE 200
[debug] [functions] operation poll: reply: update operations/cmVjZXNzLWFwcC0wMTEtYTQwY2EvdXMtY2VudHJhbDEvcmVwbHkvTy13azdxZUZCRlU is not done.
[debug] [functions] operation poll: hourly_job: update operations/cmVjZXNzLWFwcC0wMTEtYTQwY2EvdXMtY2VudHJhbDEvaG91cmx5X2pvYi9RVDd3T2YwSUhaQQ is done.
